2025-07-11 00:02:00 [SpringApplicationShutdownHook] INFO  o.s.o.j.LocalContainerEntityManagerFactoryBean - Closing JPA EntityManagerFactory for persistence unit 'default'
2025-07-11 00:02:00 [SpringApplicationShutdownHook] INFO  com.zaxxer.hikari.HikariDataSource - HikariCP - Shutdown initiated...
2025-07-11 00:02:00 [SpringApplicationShutdownHook] INFO  com.zaxxer.hikari.HikariDataSource - HikariCP - Shutdown completed.
2025-07-11 00:02:05 [main] INFO  c.cemenghui.CourseManagerApplication - Starting CourseManagerApplication using Java 17.0.15 on G-lulu with PID 20272 (D:\IDEA\-\-\main-app\target\classes started by GQQ in D:\IDEA\-\-)
2025-07-11 00:02:05 [main] DEBUG c.cemenghui.CourseManagerApplication - Running with Spring Boot v2.7.18, Spring v5.3.31
2025-07-11 00:02:05 [main] INFO  c.cemenghui.CourseManagerApplication - No active profile set, falling back to 1 default profile: "default"
2025-07-11 00:02:05 [main] INFO  o.s.d.r.c.RepositoryConfigurationDelegate - Multiple Spring Data modules found, entering strict repository configuration mode
2025-07-11 00:02:05 [main] INFO  o.s.d.r.c.RepositoryConfigurationDelegate - Bootstrapping Spring Data JPA repositories in DEFAULT mode.
2025-07-11 00:02:05 [main] INFO  o.s.d.r.c.RepositoryConfigurationDelegate - Finished Spring Data repository scanning in 6 ms. Found 0 JPA repository interfaces.
2025-07-11 00:02:05 [main] INFO  o.s.d.r.c.RepositoryConfigurationDelegate - Multiple Spring Data modules found, entering strict repository configuration mode
2025-07-11 00:02:05 [main] INFO  o.s.d.r.c.RepositoryConfigurationDelegate - Bootstrapping Spring Data Redis repositories in DEFAULT mode.
2025-07-11 00:02:05 [main] INFO  o.s.d.r.c.RepositoryConfigurationDelegate - Finished Spring Data repository scanning in 4 ms. Found 0 Redis repository interfaces.
2025-07-11 00:02:06 [main] INFO  o.s.b.w.e.tomcat.TomcatWebServer - Tomcat initialized with port(s): 8080 (http)
2025-07-11 00:02:06 [main] INFO  o.a.catalina.core.StandardService - Starting service [Tomcat]
2025-07-11 00:02:06 [main] INFO  o.a.catalina.core.StandardEngine - Starting Servlet engine: [Apache Tomcat/9.0.87]
2025-07-11 00:02:06 [main] INFO  o.a.c.c.C.[Tomcat].[localhost].[/] - Initializing Spring embedded WebApplicationContext
2025-07-11 00:02:06 [main] INFO  o.s.b.w.s.c.ServletWebServerApplicationContext - Root WebApplicationContext: initialization completed in 1067 ms
2025-07-11 00:02:06 [main] INFO  o.h.jpa.internal.util.LogHelper - HHH000204: Processing PersistenceUnitInfo [name: default]
2025-07-11 00:02:06 [main] INFO  org.hibernate.Version - HHH000412: Hibernate ORM core version 5.6.15.Final
2025-07-11 00:02:06 [main] INFO  o.h.annotations.common.Version - HCANN000001: Hibernate Commons Annotations {5.1.2.Final}
2025-07-11 00:02:06 [main] INFO  com.zaxxer.hikari.HikariDataSource - HikariCP - Starting...
2025-07-11 00:02:08 [main] INFO  com.zaxxer.hikari.pool.HikariPool - HikariCP - Added connection com.kingbase8.jdbc.KbConnection@7df4709e
2025-07-11 00:02:08 [main] INFO  com.zaxxer.hikari.HikariDataSource - HikariCP - Start completed.
2025-07-11 00:02:08 [main] INFO  org.hibernate.dialect.Dialect - HHH000400: Using dialect: org.hibernate.dialect.PostgreSQLDialect
2025-07-11 00:02:08 [main] INFO  o.h.e.t.j.p.i.JtaPlatformInitiator - HHH000490: Using JtaPlatform implementation: [org.hibernate.engine.transaction.jta.platform.internal.NoJtaPlatform]
2025-07-11 00:02:08 [main] INFO  o.s.o.j.LocalContainerEntityManagerFactoryBean - Initialized JPA EntityManagerFactory for persistence unit 'default'
2025-07-11 00:02:08 [main] WARN  o.s.b.a.o.j.JpaBaseConfiguration$JpaWebConfiguration - spring.jpa.open-in-view is enabled by default. Therefore, database queries may be performed during view rendering. Explicitly configure spring.jpa.open-in-view to disable this warning
2025-07-11 00:02:09 [main] WARN  o.s.b.a.s.s.UserDetailsServiceAutoConfiguration - 

Using generated security password: ae7e40b0-a311-4e7d-873f-99a44f1f60de

This generated password is for development use only. Your security configuration must be updated before running your application in production.

2025-07-11 00:02:09 [main] DEBUG o.s.s.w.a.e.ExpressionBasedFilterInvocationSecurityMetadataSource - Adding web access control expression [authenticated] for any request
2025-07-11 00:02:09 [main] INFO  o.s.s.web.DefaultSecurityFilterChain - Will secure any request with [org.springframework.security.web.session.DisableEncodeUrlFilter@64d1f549, org.springframework.security.web.context.request.async.WebAsyncManagerIntegrationFilter@1fb61db4, org.springframework.security.web.context.SecurityContextPersistenceFilter@20a46227, org.springframework.security.web.header.HeaderWriterFilter@6f071d0c, org.springframework.security.web.csrf.CsrfFilter@19bbb216, org.springframework.security.web.authentication.logout.LogoutFilter@2e03bb74, org.springframework.security.web.authentication.UsernamePasswordAuthenticationFilter@34588991, org.springframework.security.web.authentication.ui.DefaultLoginPageGeneratingFilter@35630ee8, org.springframework.security.web.authentication.ui.DefaultLogoutPageGeneratingFilter@1d4e06bb, org.springframework.security.web.authentication.www.BasicAuthenticationFilter@3b18009f, org.springframework.security.web.savedrequest.RequestCacheAwareFilter@7f39ad3f, org.springframework.security.web.servletapi.SecurityContextHolderAwareRequestFilter@7524125c, org.springframework.security.web.authentication.AnonymousAuthenticationFilter@2eb9c7ad, org.springframework.security.web.session.SessionManagementFilter@357e7113, org.springframework.security.web.access.ExceptionTranslationFilter@781bd9dd, org.springframework.security.web.access.intercept.FilterSecurityInterceptor@2e015ac1]
2025-07-11 00:02:09 [main] INFO  o.s.b.w.e.tomcat.TomcatWebServer - Tomcat started on port(s): 8080 (http) with context path ''
2025-07-11 00:02:09 [main] INFO  c.cemenghui.CourseManagerApplication - Started CourseManagerApplication in 4.462 seconds (JVM running for 4.888)
